\BOOKMARK [1][-]{section.1}{Abstract}{}% 1
\BOOKMARK [2][-]{subsection.1.1}{Disclaimer}{section.1}% 2
\BOOKMARK [2][-]{subsection.1.2}{The name `Axios'}{section.1}% 3
\BOOKMARK [1][-]{section.2}{Topics of interest}{}% 4
\BOOKMARK [2][-]{subsection.2.1}{Concurrency}{section.2}% 5
\BOOKMARK [2][-]{subsection.2.2}{Sockets}{section.2}% 6
\BOOKMARK [2][-]{subsection.2.3}{Cross Platform Filesystem Support}{section.2}% 7
\BOOKMARK [2][-]{subsection.2.4}{Protocol Implementation}{section.2}% 8
\BOOKMARK [3][-]{subsubsection.2.4.1}{Overview of Http Protocol}{subsection.2.4}% 9
\BOOKMARK [3][-]{subsubsection.2.4.2}{HEAD}{subsection.2.4}% 10
\BOOKMARK [3][-]{subsubsection.2.4.3}{GET}{subsection.2.4}% 11
\BOOKMARK [3][-]{subsubsection.2.4.4}{POST}{subsection.2.4}% 12
\BOOKMARK [3][-]{subsubsection.2.4.5}{PUT}{subsection.2.4}% 13
\BOOKMARK [3][-]{subsubsection.2.4.6}{DELETE}{subsection.2.4}% 14
\BOOKMARK [2][-]{subsection.2.5}{First Steps}{section.2}% 15
\BOOKMARK [3][-]{subsubsection.2.5.1}{Deployment View}{subsection.2.5}% 16
\BOOKMARK [1][-]{section.3}{Implementation}{}% 17
\BOOKMARK [2][-]{subsection.3.1}{Defining the required GNAT Project File Specification}{section.3}% 18
\BOOKMARK [3][-]{subsubsection.3.1.1}{GNAT Project File}{subsection.3.1}% 19
\BOOKMARK [2][-]{subsection.3.2}{Components}{section.3}% 20
\BOOKMARK [3][-]{subsubsection.3.2.1}{Listener}{subsection.3.2}% 21
\BOOKMARK [1][-]{section.4}{Testing}{}% 22
\BOOKMARK [1][-]{section.5}{Appendix}{}% 23
\BOOKMARK [2][-]{subsection.5.1}{Networking}{section.5}% 24
\BOOKMARK [2][-]{subsection.5.2}{Task Oriented Concurrency Model}{section.5}% 25
\BOOKMARK [3][-]{subsubsection.5.2.1}{Simple Concurrent Program}{subsection.5.2}% 26
\BOOKMARK [2][-]{subsection.5.3}{Text Manipulation}{section.5}% 27
\BOOKMARK [3][-]{subsubsection.5.3.1}{Splitting}{subsection.5.3}% 28
\BOOKMARK [3][-]{subsubsection.5.3.2}{Regular Expressions}{subsection.5.3}% 29
\BOOKMARK [2][-]{subsection.5.4}{Random Notes}{section.5}% 30
\BOOKMARK [3][-]{subsubsection.5.4.1}{Weird Compiler Errors}{subsection.5.4}% 31
\BOOKMARK [3][-]{subsubsection.5.4.2}{ADS / ADB file location}{subsection.5.4}% 32
\BOOKMARK [3][-]{subsubsection.5.4.3}{Sanity Checking}{subsection.5.4}% 33
\BOOKMARK [3][-]{subsubsection.5.4.4}{Using Telnet to conenct to a Http Server}{subsection.5.4}% 34
\BOOKMARK [3][-]{subsubsection.5.4.5}{Using ncat to dump packets to a binary file}{subsection.5.4}% 35
